[0.096s] DEBUG:colcon:Command line arguments: ['/usr/bin/colcon', 'build']
[0.096s] DEBUG:colcon:Parsed command line arguments: Namespace(log_base=None, log_level=None, verb_name='build', build_base='build', install_base='install', merge_install=False, symlink_install=False, test_result_base=None, continue_on_error=False, executor='parallel', parallel_workers=12, event_handlers=None, ignore_user_meta=False, metas=['./colcon.meta'], base_paths=['.'], packages_ignore=None, packages_ignore_regex=None, paths=None, packages_up_to=None, packages_up_to_regex=None, packages_above=None, packages_above_and_dependencies=None, packages_above_depth=None, packages_select_by_dep=None, packages_skip_by_dep=None, packages_skip_up_to=None, packages_select_build_failed=False, packages_skip_build_finished=False, packages_select_test_failures=False, packages_skip_test_passed=False, packages_select=None, packages_skip=None, packages_select_regex=None, packages_skip_regex=None, packages_start=None, packages_end=None, allow_overriding=[], cmake_args=None, cmake_target=None, cmake_target_skip_unavailable=False, cmake_clean_cache=False, cmake_clean_first=False, cmake_force_configure=False, ament_cmake_args=None, catkin_cmake_args=None, catkin_skip_building_tests=False, verb_parser=<colcon_defaults.argument_parser.defaults.DefaultArgumentsDecorator object at 0x7a1b72d518a0>, verb_extension=<colcon_core.verb.build.BuildVerb object at 0x7a1b72ec2ec0>, main=<bound method BuildVerb.main of <colcon_core.verb.build.BuildVerb object at 0x7a1b72ec2ec0>>)
[0.252s] Level 1:colcon.colcon_core.package_discovery:discover_packages(colcon_meta) check parameters
[0.252s] Level 1:colcon.colcon_core.package_discovery:discover_packages(recursive) check parameters
[0.252s] Level 1:colcon.colcon_core.package_discovery:discover_packages(ignore) check parameters
[0.252s] Level 1:colcon.colcon_core.package_discovery:discover_packages(path) check parameters
[0.252s] Level 1:colcon.colcon_core.package_discovery:discover_packages(colcon_meta) discover
[0.252s] Level 1:colcon.colcon_core.package_discovery:discover_packages(recursive) discover
[0.252s] INFO:colcon.colcon_core.package_discovery:Crawling recursively for packages in '/home/rats/turtlebot3_ws/src/turtlebot3/turtlebot3_example'
[0.252s] Level 1:colcon.colcon_core.package_identification:_identify(.) by extensions ['ignore', 'ignore_ament_install']
[0.252s] Level 1:colcon.colcon_core.package_identification:_identify(.) by extension 'ignore'
[0.252s] Level 1:colcon.colcon_core.package_identification:_identify(.) by extension 'ignore_ament_install'
[0.252s] Level 1:colcon.colcon_core.package_identification:_identify(.) by extensions ['colcon_pkg']
[0.252s] Level 1:colcon.colcon_core.package_identification:_identify(.) by extension 'colcon_pkg'
[0.252s] Level 1:colcon.colcon_core.package_identification:_identify(.) by extensions ['colcon_meta']
[0.252s] Level 1:colcon.colcon_core.package_identification:_identify(.) by extension 'colcon_meta'
[0.252s] Level 1:colcon.colcon_core.package_identification:_identify(.) by extensions ['ros']
[0.252s] Level 1:colcon.colcon_core.package_identification:_identify(.) by extension 'ros'
[0.264s] DEBUG:colcon.colcon_core.package_identification:Package '.' with type 'ros.ament_python' and name 'turtlebot3_example'
[0.264s] Level 1:colcon.colcon_core.package_discovery:discover_packages(recursive) using defaults
[0.264s] Level 1:colcon.colcon_core.package_discovery:discover_packages(ignore) discover
[0.264s] Level 1:colcon.colcon_core.package_discovery:discover_packages(ignore) using defaults
[0.264s] Level 1:colcon.colcon_core.package_discovery:discover_packages(path) discover
[0.264s] Level 1:colcon.colcon_core.package_discovery:discover_packages(path) using defaults
[0.289s] Level 1:colcon.colcon_core.package_discovery:discover_packages(prefix_path) check parameters
[0.289s] Level 1:colcon.colcon_core.package_discovery:discover_packages(prefix_path) discover
[0.291s] DEBUG:colcon.colcon_installed_package_information.package_discovery:Found 17 installed packages in /home/rats/turtlebot3_ws/install
[0.293s] DEBUG:colcon.colcon_installed_package_information.package_discovery:Found 380 installed packages in /opt/ros/humble
[0.294s] Level 1:colcon.colcon_core.package_discovery:discover_packages(prefix_path) using defaults
[0.337s] WARNING:colcon.colcon_core.package_selection:Some selected packages are already built in one or more underlay workspaces:
	'turtlebot3_example' is in: /home/rats/turtlebot3_ws/install/turtlebot3_example
If a package in a merged underlay workspace is overridden and it installs headers, then all packages in the overlay must sort their include directories by workspace order. Failure to do so may result in build failures or undefined behavior at run time.
If the overridden package is used by another package in any underlay, then the overriding package in the overlay must be API and ABI compatible or undefined behavior at run time may occur.

If you understand the risks and want to override a package anyways, add the following to the command line:
	--allow-overriding turtlebot3_example

This may be promoted to an error in a future release of colcon-override-check.
[0.338s] Level 5:colcon.colcon_core.verb:set package 'turtlebot3_example' build argument 'cmake_args' from command line to 'None'
[0.338s] Level 5:colcon.colcon_core.verb:set package 'turtlebot3_example' build argument 'cmake_target' from command line to 'None'
[0.338s] Level 5:colcon.colcon_core.verb:set package 'turtlebot3_example' build argument 'cmake_target_skip_unavailable' from command line to 'False'
[0.338s] Level 5:colcon.colcon_core.verb:set package 'turtlebot3_example' build argument 'cmake_clean_cache' from command line to 'False'
[0.338s] Level 5:colcon.colcon_core.verb:set package 'turtlebot3_example' build argument 'cmake_clean_first' from command line to 'False'
[0.338s] Level 5:colcon.colcon_core.verb:set package 'turtlebot3_example' build argument 'cmake_force_configure' from command line to 'False'
[0.338s] Level 5:colcon.colcon_core.verb:set package 'turtlebot3_example' build argument 'ament_cmake_args' from command line to 'None'
[0.338s] Level 5:colcon.colcon_core.verb:set package 'turtlebot3_example' build argument 'catkin_cmake_args' from command line to 'None'
[0.338s] Level 5:colcon.colcon_core.verb:set package 'turtlebot3_example' build argument 'catkin_skip_building_tests' from command line to 'False'
[0.338s] DEBUG:colcon.colcon_core.verb:Building package 'turtlebot3_example' with the following arguments: {'ament_cmake_args': None, 'build_base': '/home/rats/turtlebot3_ws/src/turtlebot3/turtlebot3_example/build/turtlebot3_example', 'catkin_cmake_args': None, 'catkin_skip_building_tests': False, 'cmake_args': None, 'cmake_clean_cache': False, 'cmake_clean_first': False, 'cmake_force_configure': False, 'cmake_target': None, 'cmake_target_skip_unavailable': False, 'install_base': '/home/rats/turtlebot3_ws/src/turtlebot3/turtlebot3_example/install/turtlebot3_example', 'merge_install': False, 'path': '/home/rats/turtlebot3_ws/src/turtlebot3/turtlebot3_example', 'symlink_install': False, 'test_result_base': None}
[0.338s] INFO:colcon.colcon_core.executor:Executing jobs using 'parallel' executor
[0.339s] DEBUG:colcon.colcon_parallel_executor.executor.parallel:run_until_complete
[0.339s] INFO:colcon.colcon_ros.task.ament_python.build:Building ROS package in '/home/rats/turtlebot3_ws/src/turtlebot3/turtlebot3_example' with build type 'ament_python'
[0.339s] Level 1:colcon.colcon_core.shell:create_environment_hook('turtlebot3_example', 'ament_prefix_path')
[0.341s] INFO:colcon.colcon_core.plugin_system:Skipping extension 'colcon_core.shell.bat': Not used on non-Windows systems
[0.341s] INFO:colcon.colcon_core.shell:Creating environment hook '/home/rats/turtlebot3_ws/src/turtlebot3/turtlebot3_example/install/turtlebot3_example/share/turtlebot3_example/hook/ament_prefix_path.ps1'
[0.342s] INFO:colcon.colcon_core.shell:Creating environment descriptor '/home/rats/turtlebot3_ws/src/turtlebot3/turtlebot3_example/install/turtlebot3_example/share/turtlebot3_example/hook/ament_prefix_path.dsv'
[0.342s] INFO:colcon.colcon_core.shell:Creating environment hook '/home/rats/turtlebot3_ws/src/turtlebot3/turtlebot3_example/install/turtlebot3_example/share/turtlebot3_example/hook/ament_prefix_path.sh'
[0.343s] INFO:colcon.colcon_core.shell:Skip shell extension 'powershell' for command environment: Not usable outside of PowerShell
[0.343s] DEBUG:colcon.colcon_core.shell:Skip shell extension 'dsv' for command environment
[0.580s] INFO:colcon.colcon_core.task.python.build:Building Python package in '/home/rats/turtlebot3_ws/src/turtlebot3/turtlebot3_example'
[0.580s] INFO:colcon.colcon_core.shell:Skip shell extension 'powershell' for command environment: Not usable outside of PowerShell
[0.580s] DEBUG:colcon.colcon_core.shell:Skip shell extension 'dsv' for command environment
[0.904s] DEBUG:colcon.colcon_core.event_handler.log_command:Invoking command in '/home/rats/turtlebot3_ws/src/turtlebot3/turtlebot3_example': PYTHONPATH=/home/rats/turtlebot3_ws/src/turtlebot3/turtlebot3_example/build/turtlebot3_example/prefix_override:/usr/lib/python3/dist-packages/colcon_core/task/python/colcon_distutils_commands:/home/rats/turtlebot3_ws/src/turtlebot3/turtlebot3_example/install/turtlebot3_example/lib/python3.10/site-packages:${PYTHONPATH} /usr/bin/python3 -W ignore:setup.py install is deprecated -W ignore:easy_install command is deprecated setup.py egg_info --egg-base build/turtlebot3_example build --build-base /home/rats/turtlebot3_ws/src/turtlebot3/turtlebot3_example/build/turtlebot3_example/build install --record /home/rats/turtlebot3_ws/src/turtlebot3/turtlebot3_example/build/turtlebot3_example/install.log --single-version-externally-managed install_data
[1.178s] DEBUG:colcon.colcon_core.event_handler.log_command:Invoked command in '/home/rats/turtlebot3_ws/src/turtlebot3/turtlebot3_example' returned '0': PYTHONPATH=/home/rats/turtlebot3_ws/src/turtlebot3/turtlebot3_example/build/turtlebot3_example/prefix_override:/usr/lib/python3/dist-packages/colcon_core/task/python/colcon_distutils_commands:/home/rats/turtlebot3_ws/src/turtlebot3/turtlebot3_example/install/turtlebot3_example/lib/python3.10/site-packages:${PYTHONPATH} /usr/bin/python3 -W ignore:setup.py install is deprecated -W ignore:easy_install command is deprecated setup.py egg_info --egg-base build/turtlebot3_example build --build-base /home/rats/turtlebot3_ws/src/turtlebot3/turtlebot3_example/build/turtlebot3_example/build install --record /home/rats/turtlebot3_ws/src/turtlebot3/turtlebot3_example/build/turtlebot3_example/install.log --single-version-externally-managed install_data
[1.180s] Level 1:colcon.colcon_core.environment:checking '/home/rats/turtlebot3_ws/src/turtlebot3/turtlebot3_example/install/turtlebot3_example' for CMake module files
[1.180s] Level 1:colcon.colcon_core.environment:checking '/home/rats/turtlebot3_ws/src/turtlebot3/turtlebot3_example/install/turtlebot3_example' for CMake config files
[1.181s] Level 1:colcon.colcon_core.environment:checking '/home/rats/turtlebot3_ws/src/turtlebot3/turtlebot3_example/install/turtlebot3_example/lib'
[1.181s] Level 1:colcon.colcon_core.environment:checking '/home/rats/turtlebot3_ws/src/turtlebot3/turtlebot3_example/install/turtlebot3_example/bin'
[1.181s] Level 1:colcon.colcon_core.environment:checking '/home/rats/turtlebot3_ws/src/turtlebot3/turtlebot3_example/install/turtlebot3_example/lib/pkgconfig/turtlebot3_example.pc'
[1.182s] Level 1:colcon.colcon_core.environment:checking '/home/rats/turtlebot3_ws/src/turtlebot3/turtlebot3_example/install/turtlebot3_example/lib/python3.10/site-packages'
[1.182s] Level 1:colcon.colcon_core.shell:create_environment_hook('turtlebot3_example', 'pythonpath')
[1.182s] INFO:colcon.colcon_core.shell:Creating environment hook '/home/rats/turtlebot3_ws/src/turtlebot3/turtlebot3_example/install/turtlebot3_example/share/turtlebot3_example/hook/pythonpath.ps1'
[1.182s] INFO:colcon.colcon_core.shell:Creating environment descriptor '/home/rats/turtlebot3_ws/src/turtlebot3/turtlebot3_example/install/turtlebot3_example/share/turtlebot3_example/hook/pythonpath.dsv'
[1.182s] INFO:colcon.colcon_core.shell:Creating environment hook '/home/rats/turtlebot3_ws/src/turtlebot3/turtlebot3_example/install/turtlebot3_example/share/turtlebot3_example/hook/pythonpath.sh'
[1.183s] Level 1:colcon.colcon_core.environment:checking '/home/rats/turtlebot3_ws/src/turtlebot3/turtlebot3_example/install/turtlebot3_example/bin'
[1.183s] Level 1:colcon.colcon_core.environment:create_environment_scripts_only(turtlebot3_example)
[1.183s] INFO:colcon.colcon_core.shell:Creating package script '/home/rats/turtlebot3_ws/src/turtlebot3/turtlebot3_example/install/turtlebot3_example/share/turtlebot3_example/package.ps1'
[1.184s] INFO:colcon.colcon_core.shell:Creating package descriptor '/home/rats/turtlebot3_ws/src/turtlebot3/turtlebot3_example/install/turtlebot3_example/share/turtlebot3_example/package.dsv'
[1.184s] INFO:colcon.colcon_core.shell:Creating package script '/home/rats/turtlebot3_ws/src/turtlebot3/turtlebot3_example/install/turtlebot3_example/share/turtlebot3_example/package.sh'
[1.185s] INFO:colcon.colcon_core.shell:Creating package script '/home/rats/turtlebot3_ws/src/turtlebot3/turtlebot3_example/install/turtlebot3_example/share/turtlebot3_example/package.bash'
[1.186s] INFO:colcon.colcon_core.shell:Creating package script '/home/rats/turtlebot3_ws/src/turtlebot3/turtlebot3_example/install/turtlebot3_example/share/turtlebot3_example/package.zsh'
[1.186s] Level 1:colcon.colcon_core.environment:create_file_with_runtime_dependencies(/home/rats/turtlebot3_ws/src/turtlebot3/turtlebot3_example/install/turtlebot3_example/share/colcon-core/packages/turtlebot3_example)
[1.186s] DEBUG:colcon.colcon_parallel_executor.executor.parallel:closing loop
[1.186s] DEBUG:colcon.colcon_parallel_executor.executor.parallel:loop closed
[1.187s] DEBUG:colcon.colcon_parallel_executor.executor.parallel:run_until_complete finished with '0'
[1.187s] DEBUG:colcon.colcon_core.event_reactor:joining thread
[1.191s] INFO:colcon.colcon_core.plugin_system:Skipping extension 'colcon_notification.desktop_notification.terminal_notifier': Not used on non-Darwin systems
[1.191s] INFO:colcon.colcon_core.plugin_system:Skipping extension 'colcon_notification.desktop_notification.win32': Not used on non-Windows systems
[1.192s] INFO:colcon.colcon_notification.desktop_notification:Sending desktop notification using 'notify2'
[1.201s] DEBUG:colcon.colcon_core.event_reactor:joined thread
[1.201s] INFO:colcon.colcon_core.shell:Creating prefix script '/home/rats/turtlebot3_ws/src/turtlebot3/turtlebot3_example/install/local_setup.ps1'
[1.202s] INFO:colcon.colcon_core.shell:Creating prefix util module '/home/rats/turtlebot3_ws/src/turtlebot3/turtlebot3_example/install/_local_setup_util_ps1.py'
[1.203s] INFO:colcon.colcon_core.shell:Creating prefix chain script '/home/rats/turtlebot3_ws/src/turtlebot3/turtlebot3_example/install/setup.ps1'
[1.205s] INFO:colcon.colcon_core.shell:Creating prefix script '/home/rats/turtlebot3_ws/src/turtlebot3/turtlebot3_example/install/local_setup.sh'
[1.205s] INFO:colcon.colcon_core.shell:Creating prefix util module '/home/rats/turtlebot3_ws/src/turtlebot3/turtlebot3_example/install/_local_setup_util_sh.py'
[1.206s] INFO:colcon.colcon_core.shell:Creating prefix chain script '/home/rats/turtlebot3_ws/src/turtlebot3/turtlebot3_example/install/setup.sh'
[1.207s] INFO:colcon.colcon_core.shell:Creating prefix script '/home/rats/turtlebot3_ws/src/turtlebot3/turtlebot3_example/install/local_setup.bash'
[1.208s] INFO:colcon.colcon_core.shell:Creating prefix chain script '/home/rats/turtlebot3_ws/src/turtlebot3/turtlebot3_example/install/setup.bash'
[1.209s] INFO:colcon.colcon_core.shell:Creating prefix script '/home/rats/turtlebot3_ws/src/turtlebot3/turtlebot3_example/install/local_setup.zsh'
[1.210s] INFO:colcon.colcon_core.shell:Creating prefix chain script '/home/rats/turtlebot3_ws/src/turtlebot3/turtlebot3_example/install/setup.zsh'
