[0.564s] Invoking command in '/home/rats/turtlebot3_ws/src/turtlebot3/turtlebot3_example': PYTHONPATH=/home/rats/turtlebot3_ws/src/turtlebot3/turtlebot3_example/build/turtlebot3_example/prefix_override:/usr/lib/python3/dist-packages/colcon_core/task/python/colcon_distutils_commands:/home/rats/turtlebot3_ws/src/turtlebot3/turtlebot3_example/install/turtlebot3_example/lib/python3.10/site-packages:${PYTHONPATH} /usr/bin/python3 -W ignore:setup.py install is deprecated -W ignore:easy_install command is deprecated setup.py egg_info --egg-base build/turtlebot3_example build --build-base /home/rats/turtlebot3_ws/src/turtlebot3/turtlebot3_example/build/turtlebot3_example/build install --record /home/rats/turtlebot3_ws/src/turtlebot3/turtlebot3_example/build/turtlebot3_example/install.log --single-version-externally-managed install_data
[0.781s] running egg_info
[0.782s] creating build/turtlebot3_example/turtlebot3_example.egg-info
[0.782s] writing build/turtlebot3_example/turtlebot3_example.egg-info/PKG-INFO
[0.782s] writing dependency_links to build/turtlebot3_example/turtlebot3_example.egg-info/dependency_links.txt
[0.783s] writing entry points to build/turtlebot3_example/turtlebot3_example.egg-info/entry_points.txt
[0.783s] writing requirements to build/turtlebot3_example/turtlebot3_example.egg-info/requires.txt
[0.783s] writing top-level names to build/turtlebot3_example/turtlebot3_example.egg-info/top_level.txt
[0.783s] writing manifest file 'build/turtlebot3_example/turtlebot3_example.egg-info/SOURCES.txt'
[0.785s] reading manifest file 'build/turtlebot3_example/turtlebot3_example.egg-info/SOURCES.txt'
[0.785s] writing manifest file 'build/turtlebot3_example/turtlebot3_example.egg-info/SOURCES.txt'
[0.786s] running build
[0.786s] running build_py
[0.786s] creating /home/rats/turtlebot3_ws/src/turtlebot3/turtlebot3_example/build/turtlebot3_example/build
[0.786s] creating /home/rats/turtlebot3_ws/src/turtlebot3/turtlebot3_example/build/turtlebot3_example/build/lib
[0.786s] creating /home/rats/turtlebot3_ws/src/turtlebot3/turtlebot3_example/build/turtlebot3_example/build/lib/turtlebot3_example
[0.786s] copying turtlebot3_example/__init__.py -> /home/rats/turtlebot3_ws/src/turtlebot3/turtlebot3_example/build/turtlebot3_example/build/lib/turtlebot3_example
[0.786s] creating /home/rats/turtlebot3_ws/src/turtlebot3/turtlebot3_example/build/turtlebot3_example/build/lib/turtlebot3_example/turtlebot3_relative_move
[0.786s] copying turtlebot3_example/turtlebot3_relative_move/__init__.py -> /home/rats/turtlebot3_ws/src/turtlebot3/turtlebot3_example/build/turtlebot3_example/build/lib/turtlebot3_example/turtlebot3_relative_move
[0.786s] copying turtlebot3_example/turtlebot3_relative_move/turtlebot3_relative_move.py -> /home/rats/turtlebot3_ws/src/turtlebot3/turtlebot3_example/build/turtlebot3_example/build/lib/turtlebot3_example/turtlebot3_relative_move
[0.786s] creating /home/rats/turtlebot3_ws/src/turtlebot3/turtlebot3_example/build/turtlebot3_example/build/lib/turtlebot3_example/turtlebot3_patrol
[0.786s] copying turtlebot3_example/turtlebot3_patrol/__init__.py -> /home/rats/turtlebot3_ws/src/turtlebot3/turtlebot3_example/build/turtlebot3_example/build/lib/turtlebot3_example/turtlebot3_patrol
[0.786s] copying turtlebot3_example/turtlebot3_patrol/turtlebot3_patrol_server.py -> /home/rats/turtlebot3_ws/src/turtlebot3/turtlebot3_example/build/turtlebot3_example/build/lib/turtlebot3_example/turtlebot3_patrol
[0.787s] copying turtlebot3_example/turtlebot3_patrol/turtlebot3_patrol_client.py -> /home/rats/turtlebot3_ws/src/turtlebot3/turtlebot3_example/build/turtlebot3_example/build/lib/turtlebot3_example/turtlebot3_patrol
[0.788s] creating /home/rats/turtlebot3_ws/src/turtlebot3/turtlebot3_example/build/turtlebot3_example/build/lib/turtlebot3_example/turtlebot3_absolute_move
[0.788s] copying turtlebot3_example/turtlebot3_absolute_move/__init__.py -> /home/rats/turtlebot3_ws/src/turtlebot3/turtlebot3_example/build/turtlebot3_example/build/lib/turtlebot3_example/turtlebot3_absolute_move
[0.788s] copying turtlebot3_example/turtlebot3_absolute_move/turtlebot3_absolute_move.py -> /home/rats/turtlebot3_ws/src/turtlebot3/turtlebot3_example/build/turtlebot3_example/build/lib/turtlebot3_example/turtlebot3_absolute_move
[0.788s] creating /home/rats/turtlebot3_ws/src/turtlebot3/turtlebot3_example/build/turtlebot3_example/build/lib/turtlebot3_example/turtlebot3_obstacle_detection
[0.788s] copying turtlebot3_example/turtlebot3_obstacle_detection/__init__.py -> /home/rats/turtlebot3_ws/src/turtlebot3/turtlebot3_example/build/turtlebot3_example/build/lib/turtlebot3_example/turtlebot3_obstacle_detection
[0.788s] copying turtlebot3_example/turtlebot3_obstacle_detection/turtlebot3_obstacle_detection.py -> /home/rats/turtlebot3_ws/src/turtlebot3/turtlebot3_example/build/turtlebot3_example/build/lib/turtlebot3_example/turtlebot3_obstacle_detection
[0.789s] creating /home/rats/turtlebot3_ws/src/turtlebot3/turtlebot3_example/build/turtlebot3_example/build/lib/turtlebot3_example/turtlebot3_interactive_marker
[0.789s] copying turtlebot3_example/turtlebot3_interactive_marker/turtlebot3_interactive_marker.py -> /home/rats/turtlebot3_ws/src/turtlebot3/turtlebot3_example/build/turtlebot3_example/build/lib/turtlebot3_example/turtlebot3_interactive_marker
[0.789s] copying turtlebot3_example/turtlebot3_interactive_marker/__init__.py -> /home/rats/turtlebot3_ws/src/turtlebot3/turtlebot3_example/build/turtlebot3_example/build/lib/turtlebot3_example/turtlebot3_interactive_marker
[0.789s] creating /home/rats/turtlebot3_ws/src/turtlebot3/turtlebot3_example/build/turtlebot3_example/build/lib/turtlebot3_example/turtlebot3_test_auto
[0.789s] copying turtlebot3_example/turtlebot3_test_auto/turtlebot3_test_auto.py -> /home/rats/turtlebot3_ws/src/turtlebot3/turtlebot3_example/build/turtlebot3_example/build/lib/turtlebot3_example/turtlebot3_test_auto
[0.789s] copying turtlebot3_example/turtlebot3_test_auto/__init__.py -> /home/rats/turtlebot3_ws/src/turtlebot3/turtlebot3_example/build/turtlebot3_example/build/lib/turtlebot3_example/turtlebot3_test_auto
[0.790s] running install
[0.790s] running install_lib
[0.791s] creating /home/rats/turtlebot3_ws/src/turtlebot3/turtlebot3_example/install/turtlebot3_example/lib/python3.10/site-packages/turtlebot3_example
[0.791s] creating /home/rats/turtlebot3_ws/src/turtlebot3/turtlebot3_example/install/turtlebot3_example/lib/python3.10/site-packages/turtlebot3_example/turtlebot3_relative_move
[0.791s] copying /home/rats/turtlebot3_ws/src/turtlebot3/turtlebot3_example/build/turtlebot3_example/build/lib/turtlebot3_example/turtlebot3_relative_move/__init__.py -> /home/rats/turtlebot3_ws/src/turtlebot3/turtlebot3_example/install/turtlebot3_example/lib/python3.10/site-packages/turtlebot3_example/turtlebot3_relative_move
[0.791s] copying /home/rats/turtlebot3_ws/src/turtlebot3/turtlebot3_example/build/turtlebot3_example/build/lib/turtlebot3_example/turtlebot3_relative_move/turtlebot3_relative_move.py -> /home/rats/turtlebot3_ws/src/turtlebot3/turtlebot3_example/install/turtlebot3_example/lib/python3.10/site-packages/turtlebot3_example/turtlebot3_relative_move
[0.791s] copying /home/rats/turtlebot3_ws/src/turtlebot3/turtlebot3_example/build/turtlebot3_example/build/lib/turtlebot3_example/__init__.py -> /home/rats/turtlebot3_ws/src/turtlebot3/turtlebot3_example/install/turtlebot3_example/lib/python3.10/site-packages/turtlebot3_example
[0.791s] creating /home/rats/turtlebot3_ws/src/turtlebot3/turtlebot3_example/install/turtlebot3_example/lib/python3.10/site-packages/turtlebot3_example/turtlebot3_patrol
[0.791s] copying /home/rats/turtlebot3_ws/src/turtlebot3/turtlebot3_example/build/turtlebot3_example/build/lib/turtlebot3_example/turtlebot3_patrol/__init__.py -> /home/rats/turtlebot3_ws/src/turtlebot3/turtlebot3_example/install/turtlebot3_example/lib/python3.10/site-packages/turtlebot3_example/turtlebot3_patrol
[0.791s] copying /home/rats/turtlebot3_ws/src/turtlebot3/turtlebot3_example/build/turtlebot3_example/build/lib/turtlebot3_example/turtlebot3_patrol/turtlebot3_patrol_server.py -> /home/rats/turtlebot3_ws/src/turtlebot3/turtlebot3_example/install/turtlebot3_example/lib/python3.10/site-packages/turtlebot3_example/turtlebot3_patrol
[0.792s] copying /home/rats/turtlebot3_ws/src/turtlebot3/turtlebot3_example/build/turtlebot3_example/build/lib/turtlebot3_example/turtlebot3_patrol/turtlebot3_patrol_client.py -> /home/rats/turtlebot3_ws/src/turtlebot3/turtlebot3_example/install/turtlebot3_example/lib/python3.10/site-packages/turtlebot3_example/turtlebot3_patrol
[0.792s] creating /home/rats/turtlebot3_ws/src/turtlebot3/turtlebot3_example/install/turtlebot3_example/lib/python3.10/site-packages/turtlebot3_example/turtlebot3_absolute_move
[0.792s] copying /home/rats/turtlebot3_ws/src/turtlebot3/turtlebot3_example/build/turtlebot3_example/build/lib/turtlebot3_example/turtlebot3_absolute_move/__init__.py -> /home/rats/turtlebot3_ws/src/turtlebot3/turtlebot3_example/install/turtlebot3_example/lib/python3.10/site-packages/turtlebot3_example/turtlebot3_absolute_move
[0.792s] copying /home/rats/turtlebot3_ws/src/turtlebot3/turtlebot3_example/build/turtlebot3_example/build/lib/turtlebot3_example/turtlebot3_absolute_move/turtlebot3_absolute_move.py -> /home/rats/turtlebot3_ws/src/turtlebot3/turtlebot3_example/install/turtlebot3_example/lib/python3.10/site-packages/turtlebot3_example/turtlebot3_absolute_move
[0.792s] creating /home/rats/turtlebot3_ws/src/turtlebot3/turtlebot3_example/install/turtlebot3_example/lib/python3.10/site-packages/turtlebot3_example/turtlebot3_obstacle_detection
[0.792s] copying /home/rats/turtlebot3_ws/src/turtlebot3/turtlebot3_example/build/turtlebot3_example/build/lib/turtlebot3_example/turtlebot3_obstacle_detection/__init__.py -> /home/rats/turtlebot3_ws/src/turtlebot3/turtlebot3_example/install/turtlebot3_example/lib/python3.10/site-packages/turtlebot3_example/turtlebot3_obstacle_detection
[0.792s] copying /home/rats/turtlebot3_ws/src/turtlebot3/turtlebot3_example/build/turtlebot3_example/build/lib/turtlebot3_example/turtlebot3_obstacle_detection/turtlebot3_obstacle_detection.py -> /home/rats/turtlebot3_ws/src/turtlebot3/turtlebot3_example/install/turtlebot3_example/lib/python3.10/site-packages/turtlebot3_example/turtlebot3_obstacle_detection
[0.792s] creating /home/rats/turtlebot3_ws/src/turtlebot3/turtlebot3_example/install/turtlebot3_example/lib/python3.10/site-packages/turtlebot3_example/turtlebot3_interactive_marker
[0.792s] copying /home/rats/turtlebot3_ws/src/turtlebot3/turtlebot3_example/build/turtlebot3_example/build/lib/turtlebot3_example/turtlebot3_interactive_marker/turtlebot3_interactive_marker.py -> /home/rats/turtlebot3_ws/src/turtlebot3/turtlebot3_example/install/turtlebot3_example/lib/python3.10/site-packages/turtlebot3_example/turtlebot3_interactive_marker
[0.792s] copying /home/rats/turtlebot3_ws/src/turtlebot3/turtlebot3_example/build/turtlebot3_example/build/lib/turtlebot3_example/turtlebot3_interactive_marker/__init__.py -> /home/rats/turtlebot3_ws/src/turtlebot3/turtlebot3_example/install/turtlebot3_example/lib/python3.10/site-packages/turtlebot3_example/turtlebot3_interactive_marker
[0.792s] creating /home/rats/turtlebot3_ws/src/turtlebot3/turtlebot3_example/install/turtlebot3_example/lib/python3.10/site-packages/turtlebot3_example/turtlebot3_test_auto
[0.792s] copying /home/rats/turtlebot3_ws/src/turtlebot3/turtlebot3_example/build/turtlebot3_example/build/lib/turtlebot3_example/turtlebot3_test_auto/turtlebot3_test_auto.py -> /home/rats/turtlebot3_ws/src/turtlebot3/turtlebot3_example/install/turtlebot3_example/lib/python3.10/site-packages/turtlebot3_example/turtlebot3_test_auto
[0.792s] copying /home/rats/turtlebot3_ws/src/turtlebot3/turtlebot3_example/build/turtlebot3_example/build/lib/turtlebot3_example/turtlebot3_test_auto/__init__.py -> /home/rats/turtlebot3_ws/src/turtlebot3/turtlebot3_example/install/turtlebot3_example/lib/python3.10/site-packages/turtlebot3_example/turtlebot3_test_auto
[0.793s] byte-compiling /home/rats/turtlebot3_ws/src/turtlebot3/turtlebot3_example/install/turtlebot3_example/lib/python3.10/site-packages/turtlebot3_example/turtlebot3_relative_move/__init__.py to __init__.cpython-310.pyc
[0.793s] byte-compiling /home/rats/turtlebot3_ws/src/turtlebot3/turtlebot3_example/install/turtlebot3_example/lib/python3.10/site-packages/turtlebot3_example/turtlebot3_relative_move/turtlebot3_relative_move.py to turtlebot3_relative_move.cpython-310.pyc
[0.794s] byte-compiling /home/rats/turtlebot3_ws/src/turtlebot3/turtlebot3_example/install/turtlebot3_example/lib/python3.10/site-packages/turtlebot3_example/__init__.py to __init__.cpython-310.pyc
[0.795s] byte-compiling /home/rats/turtlebot3_ws/src/turtlebot3/turtlebot3_example/install/turtlebot3_example/lib/python3.10/site-packages/turtlebot3_example/turtlebot3_patrol/__init__.py to __init__.cpython-310.pyc
[0.795s] byte-compiling /home/rats/turtlebot3_ws/src/turtlebot3/turtlebot3_example/install/turtlebot3_example/lib/python3.10/site-packages/turtlebot3_example/turtlebot3_patrol/turtlebot3_patrol_server.py to turtlebot3_patrol_server.cpython-310.pyc
[0.796s] byte-compiling /home/rats/turtlebot3_ws/src/turtlebot3/turtlebot3_example/install/turtlebot3_example/lib/python3.10/site-packages/turtlebot3_example/turtlebot3_patrol/turtlebot3_patrol_client.py to turtlebot3_patrol_client.cpython-310.pyc
[0.796s] byte-compiling /home/rats/turtlebot3_ws/src/turtlebot3/turtlebot3_example/install/turtlebot3_example/lib/python3.10/site-packages/turtlebot3_example/turtlebot3_absolute_move/__init__.py to __init__.cpython-310.pyc
[0.796s] byte-compiling /home/rats/turtlebot3_ws/src/turtlebot3/turtlebot3_example/install/turtlebot3_example/lib/python3.10/site-packages/turtlebot3_example/turtlebot3_absolute_move/turtlebot3_absolute_move.py to turtlebot3_absolute_move.cpython-310.pyc
[0.797s] byte-compiling /home/rats/turtlebot3_ws/src/turtlebot3/turtlebot3_example/install/turtlebot3_example/lib/python3.10/site-packages/turtlebot3_example/turtlebot3_obstacle_detection/__init__.py to __init__.cpython-310.pyc
[0.797s] byte-compiling /home/rats/turtlebot3_ws/src/turtlebot3/turtlebot3_example/install/turtlebot3_example/lib/python3.10/site-packages/turtlebot3_example/turtlebot3_obstacle_detection/turtlebot3_obstacle_detection.py to turtlebot3_obstacle_detection.cpython-310.pyc
[0.798s] byte-compiling /home/rats/turtlebot3_ws/src/turtlebot3/turtlebot3_example/install/turtlebot3_example/lib/python3.10/site-packages/turtlebot3_example/turtlebot3_interactive_marker/turtlebot3_interactive_marker.py to turtlebot3_interactive_marker.cpython-310.pyc
[0.798s] byte-compiling /home/rats/turtlebot3_ws/src/turtlebot3/turtlebot3_example/install/turtlebot3_example/lib/python3.10/site-packages/turtlebot3_example/turtlebot3_interactive_marker/__init__.py to __init__.cpython-310.pyc
[0.799s] byte-compiling /home/rats/turtlebot3_ws/src/turtlebot3/turtlebot3_example/install/turtlebot3_example/lib/python3.10/site-packages/turtlebot3_example/turtlebot3_test_auto/turtlebot3_test_auto.py to turtlebot3_test_auto.cpython-310.pyc
[0.800s] byte-compiling /home/rats/turtlebot3_ws/src/turtlebot3/turtlebot3_example/install/turtlebot3_example/lib/python3.10/site-packages/turtlebot3_example/turtlebot3_test_auto/__init__.py to __init__.cpython-310.pyc
[0.800s] running install_data
[0.800s] creating /home/rats/turtlebot3_ws/src/turtlebot3/turtlebot3_example/install/turtlebot3_example/share/ament_index
[0.800s] creating /home/rats/turtlebot3_ws/src/turtlebot3/turtlebot3_example/install/turtlebot3_example/share/ament_index/resource_index
[0.800s] creating /home/rats/turtlebot3_ws/src/turtlebot3/turtlebot3_example/install/turtlebot3_example/share/ament_index/resource_index/packages
[0.801s] copying resource/turtlebot3_example -> /home/rats/turtlebot3_ws/src/turtlebot3/turtlebot3_example/install/turtlebot3_example/share/ament_index/resource_index/packages
[0.801s] copying package.xml -> /home/rats/turtlebot3_ws/src/turtlebot3/turtlebot3_example/install/turtlebot3_example/share/turtlebot3_example
[0.801s] running install_egg_info
[0.802s] Copying build/turtlebot3_example/turtlebot3_example.egg-info to /home/rats/turtlebot3_ws/src/turtlebot3/turtlebot3_example/install/turtlebot3_example/lib/python3.10/site-packages/turtlebot3_example-2.3.3-py3.10.egg-info
[0.803s] running install_scripts
[0.820s] Installing turtlebot3_absolute_move script to /home/rats/turtlebot3_ws/src/turtlebot3/turtlebot3_example/install/turtlebot3_example/lib/turtlebot3_example
[0.820s] Installing turtlebot3_interactive_marker script to /home/rats/turtlebot3_ws/src/turtlebot3/turtlebot3_example/install/turtlebot3_example/lib/turtlebot3_example
[0.820s] Installing turtlebot3_obstacle_detection script to /home/rats/turtlebot3_ws/src/turtlebot3/turtlebot3_example/install/turtlebot3_example/lib/turtlebot3_example
[0.820s] Installing turtlebot3_patrol_client script to /home/rats/turtlebot3_ws/src/turtlebot3/turtlebot3_example/install/turtlebot3_example/lib/turtlebot3_example
[0.820s] Installing turtlebot3_patrol_server script to /home/rats/turtlebot3_ws/src/turtlebot3/turtlebot3_example/install/turtlebot3_example/lib/turtlebot3_example
[0.820s] Installing turtlebot3_relative_move script to /home/rats/turtlebot3_ws/src/turtlebot3/turtlebot3_example/install/turtlebot3_example/lib/turtlebot3_example
[0.820s] Installing turtlebot3_test_auto script to /home/rats/turtlebot3_ws/src/turtlebot3/turtlebot3_example/install/turtlebot3_example/lib/turtlebot3_example
[0.821s] writing list of installed files to '/home/rats/turtlebot3_ws/src/turtlebot3/turtlebot3_example/build/turtlebot3_example/install.log'
[0.838s] Invoked command in '/home/rats/turtlebot3_ws/src/turtlebot3/turtlebot3_example' returned '0': PYTHONPATH=/home/rats/turtlebot3_ws/src/turtlebot3/turtlebot3_example/build/turtlebot3_example/prefix_override:/usr/lib/python3/dist-packages/colcon_core/task/python/colcon_distutils_commands:/home/rats/turtlebot3_ws/src/turtlebot3/turtlebot3_example/install/turtlebot3_example/lib/python3.10/site-packages:${PYTHONPATH} /usr/bin/python3 -W ignore:setup.py install is deprecated -W ignore:easy_install command is deprecated setup.py egg_info --egg-base build/turtlebot3_example build --build-base /home/rats/turtlebot3_ws/src/turtlebot3/turtlebot3_example/build/turtlebot3_example/build install --record /home/rats/turtlebot3_ws/src/turtlebot3/turtlebot3_example/build/turtlebot3_example/install.log --single-version-externally-managed install_data
